<?xml version="1.0" encoding="UTF-8"?>
<!-- Generated by org.testng.reporters.JUnitReportReporter -->
<testsuite hostname="2P-23" failures="0" tests="1" name="com.employeeapi.testCases.TC002_Get_Single_Employee_Record" time="0.029" errors="0" timestamp="24 Apr 2021 12:47:32 GMT" skipped="0">
  <testcase classname="com.employeeapi.testCases.TC002_Get_Single_Employee_Record" name="checkResposeBody" time="0.029"/>
</testsuite> <!-- com.employeeapi.testCases.TC002_Get_Single_Employee_Record -->
