<?xml version="1.0" encoding="UTF-8"?>
<!-- Generated by org.testng.reporters.JUnitReportReporter -->
<testsuite hostname="2P-23" failures="0" tests="1" name="com.employeeapi.testCases.TC001_Get_All_Employees" time="0.023" errors="0" timestamp="24 Apr 2021 13:26:39 GMT" skipped="0">
  <testcase classname="com.employeeapi.testCases.TC001_Get_All_Employees" name="checkResposeBody" time="0.023"/>
</testsuite> <!-- com.employeeapi.testCases.TC001_Get_All_Employees -->
