<?xml version="1.0" encoding="UTF-8"?>
<!-- Generated by org.testng.reporters.JUnitReportReporter -->
<testsuite hostname="DESKTOP-L558MLK" failures="0" tests="1" name="com.employeeapi.testCases.TC003_Post_Employee_Record" time="0.041" errors="0" timestamp="23 Apr 2021 09:06:51 GMT" skipped="0">
  <testcase classname="com.employeeapi.testCases.TC003_Post_Employee_Record" name="checkResposeBody" time="0.041"/>
</testsuite> <!-- com.employeeapi.testCases.TC003_Post_Employee_Record -->
