<?xml version="1.0" encoding="UTF-8"?>
<!-- Generated by org.testng.reporters.JUnitReportReporter -->
<testsuite hostname="2P-23" failures="0" tests="1" name="postmanServices.VotesTests" time="0.019" errors="0" timestamp="25 Aug 2021 14:04:03 GMT" skipped="0">
  <testcase classname="postmanServices.VotesTests" name="checkResposeBody" time="0.019"/>
</testsuite> <!-- postmanServices.VotesTests -->
