<?xml version="1.0" encoding="UTF-8"?>
<!-- Generated by org.testng.reporters.JUnitReportReporter -->
<testsuite hostname="DESKTOP-L558MLK" failures="0" tests="1" name="Demo8_ReadResponseInDiffWays.Demo8_ReadResponseInDiffWays" time="2.406" errors="0" timestamp="16 Jan 2021 10:10:07 GMT" skipped="0">
  <testcase classname="Demo8_ReadResponseInDiffWays.Demo8_ReadResponseInDiffWays" name="testExtractDetailsUsingResponse" time="2.406"/>
</testsuite> <!-- Demo8_ReadResponseInDiffWays.Demo8_ReadResponseInDiffWays -->
