<?xml version="1.0" encoding="UTF-8"?>
<!-- Generated by org.testng.reporters.JUnitReportReporter -->
<testsuite hostname="DESKTOP-L558MLK" failures="0" tests="1" name="Cookies.Demo10_Cookies" time="1.960" errors="0" timestamp="16 Jan 2021 10:32:27 GMT" skipped="0">
  <testcase classname="Cookies.Demo10_Cookies" name="testDetailedCookies" time="1.960"/>
</testsuite> <!-- Cookies.Demo10_Cookies -->
